2022-10-24 20:49:05,378 [Worker-2: Loading available Gradle versions] INFO  o.e.b.c.i.u.g.PublishedGradleVersions - Gradle version information cache is up-to-date. Trying to read.
2022-10-24 21:12:53,051 [Worker-5: Loading available Gradle versions] INFO  o.e.b.c.i.u.g.PublishedGradleVersions - Gradle version information cache is out-of-date. Trying to update.
2022-10-24 21:13:36,340 [Start Help Server] INFO  org.eclipse.jetty.server.Server - jetty-10.0.6; built: 2021-06-29T15:28:56.259Z; git: 37e7731b4b142a882d73974ff3bec78d621bd674; jvm 16.0.2+7-67
2022-10-24 21:13:36,371 [Start Help Server] INFO  o.e.j.s.s.DefaultSessionIdManager - Session workerName=node0
2022-10-24 21:13:36,415 [Start Help Server] INFO  o.e.j.server.handler.ContextHandler - Started o.e.j.s.ServletContextHandler@efa8dce{/help,null,AVAILABLE}
2022-10-24 21:13:36,442 [Start Help Server] INFO  o.e.jetty.server.AbstractConnector - Started ServerConnector@4481320b{HTTP/1.1, (http/1.1)}{127.0.0.1:54165}
2022-10-24 21:13:36,457 [Start Help Server] INFO  org.eclipse.jetty.server.Server - Started Server@39790746{STARTING}[10.0.6,sto=0] @53319ms
2022-10-31 21:52:27,517 [Stop Help Server] INFO  org.eclipse.jetty.server.Server - Stopped Server@39790746{STOPPING}[10.0.6,sto=0]
2022-10-31 21:52:30,964 [Stop Help Server] INFO  o.e.jetty.server.AbstractConnector - Stopped ServerConnector@4481320b{HTTP/1.1, (http/1.1)}{127.0.0.1:0}
2022-10-31 21:52:37,612 [Stop Help Server] INFO  o.e.j.server.handler.ContextHandler - Stopped o.e.j.s.ServletContextHandler@efa8dce{/help,null,STOPPED}
2022-11-24 14:54:51,203 [Worker-5: Loading available Gradle versions] INFO  o.e.b.c.i.u.g.PublishedGradleVersions - Gradle version information cache is out-of-date. Trying to update.
2022-11-24 15:02:25,822 [Start Help Server] INFO  org.eclipse.jetty.server.Server - jetty-10.0.6; built: 2021-06-29T15:28:56.259Z; git: 37e7731b4b142a882d73974ff3bec78d621bd674; jvm 16.0.2+7-67
2022-11-24 15:02:25,853 [Start Help Server] INFO  o.e.j.s.s.DefaultSessionIdManager - Session workerName=node0
2022-11-24 15:02:25,923 [Start Help Server] INFO  o.e.j.server.handler.ContextHandler - Started o.e.j.s.ServletContextHandler@3b93b117{/help,null,AVAILABLE}
2022-11-24 15:02:25,948 [Start Help Server] INFO  o.e.jetty.server.AbstractConnector - Started ServerConnector@64eb9ff4{HTTP/1.1, (http/1.1)}{127.0.0.1:59182}
2022-11-24 15:02:26,028 [Start Help Server] INFO  org.eclipse.jetty.server.Server - Started Server@b88c732{STARTING}[10.0.6,sto=0] @7132586ms
2022-11-24 15:07:22,919 [Stop Help Server] INFO  org.eclipse.jetty.server.Server - Stopped Server@b88c732{STOPPING}[10.0.6,sto=0]
2022-11-24 15:07:22,942 [Stop Help Server] INFO  o.e.jetty.server.AbstractConnector - Stopped ServerConnector@64eb9ff4{HTTP/1.1, (http/1.1)}{127.0.0.1:0}
2022-11-24 15:07:23,001 [Stop Help Server] INFO  o.e.j.server.handler.ContextHandler - Stopped o.e.j.s.ServletContextHandler@3b93b117{/help,null,STOPPED}
2022-11-24 15:07:41,193 [Worker-0: Loading available Gradle versions] INFO  o.e.b.c.i.u.g.PublishedGradleVersions - Gradle version information cache is up-to-date. Trying to read.
2022-11-27 16:25:41,174 [Worker-3: Loading available Gradle versions] INFO  o.e.b.c.i.u.g.PublishedGradleVersions - Gradle version information cache is out-of-date. Trying to update.
2022-12-02 13:44:11,344 [Worker-0: Loading available Gradle versions] INFO  o.e.b.c.i.u.g.PublishedGradleVersions - Gradle version information cache is out-of-date. Trying to update.
2022-12-03 20:23:47,351 [Worker-4: Loading available Gradle versions] INFO  o.e.b.c.i.u.g.PublishedGradleVersions - Gradle version information cache is out-of-date. Trying to update.
2022-12-05 13:15:19,376 [Worker-2: Loading available Gradle versions] INFO  o.e.b.c.i.u.g.PublishedGradleVersions - Gradle version information cache is out-of-date. Trying to update.
2022-12-06 14:21:17,195 [Worker-7: Loading available Gradle versions] INFO  o.e.b.c.i.u.g.PublishedGradleVersions - Gradle version information cache is out-of-date. Trying to update.
2022-12-13 18:54:15,831 [Worker-2: Loading available Gradle versions] INFO  o.e.b.c.i.u.g.PublishedGradleVersions - Gradle version information cache is out-of-date. Trying to update.
2022-12-14 21:05:09,315 [Worker-2: Loading available Gradle versions] INFO  o.e.b.c.i.u.g.PublishedGradleVersions - Gradle version information cache is out-of-date. Trying to update.
2022-12-19 10:55:14,891 [Worker-0: Loading available Gradle versions] INFO  o.e.b.c.i.u.g.PublishedGradleVersions - Gradle version information cache is out-of-date. Trying to update.
2022-12-19 13:34:45,465 [Worker-6: Loading available Gradle versions] INFO  o.e.b.c.i.u.g.PublishedGradleVersions - Gradle version information cache is up-to-date. Trying to read.
2022-12-20 23:38:25,824 [Worker-5: Loading available Gradle versions] INFO  o.e.b.c.i.u.g.PublishedGradleVersions - Gradle version information cache is out-of-date. Trying to update.
2022-12-21 21:11:24,660 [Worker-3: Loading available Gradle versions] INFO  o.e.b.c.i.u.g.PublishedGradleVersions - Gradle version information cache is up-to-date. Trying to read.
